<?xml version="1.0" encoding="UTF-8"?>
<coverage generated="1745901674344" clover="3.2.0">
  <project timestamp="1745901674344" name="All files">
    <metrics statements="139" coveredstatements="113" conditionals="85" coveredconditionals="40" methods="28" coveredmethods="20" elements="252" coveredelements="173" complexity="0" loc="139" ncloc="139" packages="2" files="2" classes="2"/>
    <package name="common">
      <metrics statements="15" coveredstatements="11" conditionals="9" coveredconditionals="3" methods="4" coveredmethods="3"/>
      <file name="index.ts" path="/Users/imagine/project/packages/acrool-svg-symbols/src/utils/common/index.ts">
        <metrics statements="15" coveredstatements="11" conditionals="9" coveredconditionals="3" methods="4" coveredmethods="3"/>
        <line num="1" count="1" type="stmt"/>
        <line num="8" count="1" type="stmt"/>
        <line num="9" count="1" type="stmt"/>
        <line num="10" count="1" type="stmt"/>
        <line num="11" count="1" type="cond" truecount="1" falsecount="1"/>
        <line num="19" count="1" type="stmt"/>
        <line num="20" count="0" type="stmt"/>
        <line num="21" count="0" type="stmt"/>
        <line num="22" count="0" type="cond" truecount="0" falsecount="2"/>
        <line num="31" count="1" type="stmt"/>
        <line num="32" count="6" type="cond" truecount="1" falsecount="1"/>
        <line num="41" count="1" type="stmt"/>
        <line num="42" count="3" type="cond" truecount="1" falsecount="2"/>
        <line num="43" count="0" type="stmt"/>
        <line num="47" count="3" type="stmt"/>
      </file>
    </package>
    <package name="parser">
      <metrics statements="124" coveredstatements="102" conditionals="76" coveredconditionals="37" methods="24" coveredmethods="17"/>
      <file name="index.ts" path="/Users/imagine/project/packages/acrool-svg-symbols/src/utils/parser/index.ts">
        <metrics statements="124" coveredstatements="102" conditionals="76" coveredconditionals="37" methods="24" coveredmethods="17"/>
        <line num="1" count="1" type="stmt"/>
        <line num="2" count="1" type="stmt"/>
        <line num="3" count="1" type="stmt"/>
        <line num="4" count="1" type="stmt"/>
        <line num="6" count="1" type="stmt"/>
        <line num="7" count="1" type="stmt"/>
        <line num="9" count="1" type="stmt"/>
        <line num="17" count="1" type="stmt"/>
        <line num="18" count="0" type="stmt"/>
        <line num="19" count="0" type="stmt"/>
        <line num="20" count="0" type="stmt"/>
        <line num="22" count="0" type="stmt"/>
        <line num="23" count="0" type="cond" truecount="0" falsecount="2"/>
        <line num="24" count="0" type="cond" truecount="0" falsecount="1"/>
        <line num="25" count="0" type="cond" truecount="0" falsecount="1"/>
        <line num="27" count="0" type="cond" truecount="0" falsecount="1"/>
        <line num="30" count="0" type="stmt"/>
        <line num="34" count="1" type="stmt"/>
        <line num="39" count="2" type="stmt"/>
        <line num="41" count="2" type="stmt"/>
        <line num="42" count="2" type="stmt"/>
        <line num="43" count="2" type="cond" truecount="3" falsecount="1"/>
        <line num="45" count="2" type="stmt"/>
        <line num="47" count="2" type="stmt"/>
        <line num="48" count="3" type="stmt"/>
        <line num="49" count="3" type="cond" truecount="1" falsecount="0"/>
        <line num="50" count="3" type="cond" truecount="2" falsecount="0"/>
        <line num="51" count="3" type="stmt"/>
        <line num="52" count="3" type="stmt"/>
        <line num="53" count="3" type="stmt"/>
        <line num="54" count="3" type="cond" truecount="3" falsecount="1"/>
        <line num="55" count="3" type="stmt"/>
        <line num="57" count="0" type="stmt"/>
        <line num="60" count="3" type="stmt"/>
        <line num="68" count="2" type="stmt"/>
        <line num="71" count="1" type="stmt"/>
        <line num="72" count="4" type="stmt"/>
        <line num="73" count="4" type="stmt"/>
        <line num="74" count="4" type="stmt"/>
        <line num="76" count="4" type="stmt"/>
        <line num="77" count="4" type="stmt"/>
        <line num="78" count="4" type="stmt"/>
        <line num="80" count="4" type="stmt"/>
        <line num="81" count="4" type="stmt"/>
        <line num="83" count="4" type="cond" truecount="1" falsecount="0"/>
        <line num="84" count="1" type="cond" truecount="1" falsecount="1"/>
        <line num="85" count="1" type="stmt"/>
        <line num="86" count="1" type="cond" truecount="0" falsecount="1"/>
        <line num="87" count="1" type="stmt"/>
        <line num="88" count="2" type="stmt"/>
        <line num="89" count="2" type="cond" truecount="1" falsecount="0"/>
        <line num="90" count="1" type="cond" truecount="1" falsecount="1"/>
        <line num="91" count="1" type="stmt"/>
        <line num="92" count="1" type="cond" truecount="0" falsecount="1"/>
        <line num="93" count="1" type="stmt"/>
        <line num="94" count="1" type="cond" truecount="1" falsecount="1"/>
        <line num="95" count="1" type="stmt"/>
        <line num="97" count="1" type="stmt"/>
        <line num="106" count="1" type="stmt"/>
        <line num="107" count="6" type="stmt"/>
        <line num="108" count="6" type="cond" truecount="1" falsecount="0"/>
        <line num="109" count="1" type="cond" truecount="1" falsecount="1"/>
        <line num="110" count="1" type="stmt"/>
        <line num="111" count="1" type="cond" truecount="0" falsecount="1"/>
        <line num="112" count="1" type="stmt"/>
        <line num="120" count="1" type="stmt"/>
        <line num="126" count="4" type="stmt"/>
        <line num="127" count="5" type="cond" truecount="2" falsecount="3"/>
        <line num="128" count="5" type="cond" truecount="0" falsecount="1"/>
        <line num="129" count="5" type="stmt"/>
        <line num="130" count="5" type="stmt"/>
        <line num="131" count="5" type="stmt"/>
        <line num="132" count="5" type="stmt"/>
        <line num="133" count="30" type="cond" truecount="0" falsecount="1"/>
        <line num="134" count="0" type="stmt"/>
        <line num="138" count="5" type="cond" truecount="1" falsecount="0"/>
        <line num="139" count="5" type="cond" truecount="4" falsecount="0"/>
        <line num="140" count="1" type="stmt"/>
        <line num="141" count="1" type="cond" truecount="1" falsecount="1"/>
        <line num="142" count="1" type="stmt"/>
        <line num="143" count="4" type="cond" truecount="1" falsecount="0"/>
        <line num="144" count="4" type="stmt"/>
        <line num="148" count="5" type="cond" truecount="0" falsecount="1"/>
        <line num="149" count="0" type="cond" truecount="0" falsecount="3"/>
        <line num="150" count="0" type="stmt"/>
        <line num="151" count="0" type="cond" truecount="0" falsecount="2"/>
        <line num="152" count="0" type="stmt"/>
        <line num="156" count="5" type="stmt"/>
        <line num="158" count="5" type="stmt"/>
        <line num="159" count="30" type="stmt"/>
        <line num="160" count="30" type="cond" truecount="0" falsecount="1"/>
        <line num="161" count="0" type="cond" truecount="0" falsecount="2"/>
        <line num="162" count="0" type="stmt"/>
        <line num="163" count="0" type="stmt"/>
        <line num="168" count="5" type="stmt"/>
        <line num="175" count="4" type="stmt"/>
        <line num="176" count="4" type="cond" truecount="1" falsecount="0"/>
        <line num="177" count="4" type="stmt"/>
        <line num="178" count="24" type="stmt"/>
        <line num="179" count="24" type="cond" truecount="1" falsecount="0"/>
        <line num="180" count="4" type="cond" truecount="2" falsecount="0"/>
        <line num="181" count="4" type="stmt"/>
        <line num="182" count="5" type="stmt"/>
        <line num="183" count="5" type="cond" truecount="2" falsecount="2"/>
        <line num="184" count="0" type="cond" truecount="0" falsecount="2"/>
        <line num="186" count="5" type="stmt"/>
        <line num="193" count="4" type="stmt"/>
        <line num="201" count="1" type="stmt"/>
        <line num="202" count="2" type="stmt"/>
        <line num="203" count="3" type="cond" truecount="2" falsecount="0"/>
        <line num="204" count="2" type="stmt"/>
        <line num="206" count="2" type="stmt"/>
        <line num="209" count="0" type="stmt"/>
        <line num="210" count="0" type="cond" truecount="0" falsecount="2"/>
        <line num="211" count="0" type="stmt"/>
        <line num="214" count="3" type="stmt"/>
        <line num="215" count="6" type="stmt"/>
        <line num="217" count="3" type="stmt"/>
        <line num="218" count="3" type="cond" truecount="2" falsecount="0"/>
        <line num="219" count="2" type="cond" truecount="0" falsecount="1"/>
        <line num="220" count="2" type="cond" truecount="0" falsecount="1"/>
        <line num="222" count="1" type="stmt"/>
        <line num="225" count="3" type="cond" truecount="1" falsecount="1"/>
        <line num="226" count="3" type="stmt"/>
      </file>
    </package>
  </project>
</coverage>
