{"/Users/imagine/project/packages/acrool-icon-symbols/src/utils/common/index.ts": {"path":"/Users/imagine/project/packages/acrool-icon-symbols/src/utils/common/index.ts","statementMap":{"0":{"start":{"line":1,"column":0},"end":{"line":1,"column":65}},"1":{"start":{"line":8,"column":32},"end":{"line":12,"column":1}},"2":{"start":{"line":9,"column":18},"end":{"line":9,"column":35}},"3":{"start":{"line":10,"column":18},"end":{"line":10,"column":36}},"4":{"start":{"line":11,"column":4},"end":{"line":11,"column":40}},"5":{"start":{"line":8,"column":13},"end":{"line":8,"column":32}},"6":{"start":{"line":19,"column":25},"end":{"line":23,"column":1}},"7":{"start":{"line":20,"column":18},"end":{"line":20,"column":32}},"8":{"start":{"line":21,"column":18},"end":{"line":21,"column":36}},"9":{"start":{"line":22,"column":4},"end":{"line":22,"column":40}},"10":{"start":{"line":19,"column":13},"end":{"line":19,"column":25}},"11":{"start":{"line":31,"column":34},"end":{"line":32,"column":97}},"12":{"start":{"line":32,"column":4},"end":{"line":32,"column":97}},"13":{"start":{"line":31,"column":13},"end":{"line":31,"column":34}},"14":{"start":{"line":41,"column":25},"end":{"line":48,"column":1}},"15":{"start":{"line":42,"column":4},"end":{"line":46,"column":null}},"16":{"start":{"line":43,"column":8},"end":{"line":45,"column":11}},"17":{"start":{"line":47,"column":4},"end":{"line":47,"column":47}},"18":{"start":{"line":41,"column":13},"end":{"line":41,"column":25}}},"fnMap":{"0":{"name":"(anonymous_0)","decl":{"start":{"line":8,"column":32},"end":{"line":8,"column":33}},"loc":{"start":{"line":8,"column":70},"end":{"line":12,"column":1}}},"1":{"name":"(anonymous_1)","decl":{"start":{"line":19,"column":25},"end":{"line":19,"column":26}},"loc":{"start":{"line":19,"column":63},"end":{"line":23,"column":1}}},"2":{"name":"(anonymous_2)","decl":{"start":{"line":31,"column":34},"end":{"line":31,"column":35}},"loc":{"start":{"line":32,"column":4},"end":{"line":32,"column":97}}},"3":{"name":"(anonymous_3)","decl":{"start":{"line":41,"column":25},"end":{"line":41,"column":26}},"loc":{"start":{"line":41,"column":84},"end":{"line":48,"column":1}}}},"branchMap":{"0":{"loc":{"start":{"line":11,"column":11},"end":{"line":11,"column":39}},"type":"cond-expr","locations":[{"start":{"line":11,"column":19},"end":{"line":11,"column":27}},{"start":{"line":11,"column":30},"end":{"line":11,"column":39}}]},"1":{"loc":{"start":{"line":22,"column":11},"end":{"line":22,"column":39}},"type":"cond-expr","locations":[{"start":{"line":22,"column":19},"end":{"line":22,"column":27}},{"start":{"line":22,"column":30},"end":{"line":22,"column":39}}]},"2":{"loc":{"start":{"line":32,"column":4},"end":{"line":32,"column":97}},"type":"cond-expr","locations":[{"start":{"line":32,"column":30},"end":{"line":32,"column":49}},{"start":{"line":32,"column":52},"end":{"line":32,"column":97}}]},"3":{"loc":{"start":{"line":42,"column":4},"end":{"line":46,"column":null}},"type":"if","locations":[{"start":{"line":42,"column":4},"end":{"line":46,"column":null}}]},"4":{"loc":{"start":{"line":42,"column":8},"end":{"line":42,"column":39}},"type":"binary-expr","locations":[{"start":{"line":42,"column":8},"end":{"line":42,"column":16}},{"start":{"line":42,"column":20},"end":{"line":42,"column":39}}]}},"s":{"0":1,"1":1,"2":1,"3":1,"4":1,"5":1,"6":1,"7":0,"8":0,"9":0,"10":1,"11":1,"12":6,"13":1,"14":1,"15":3,"16":0,"17":3,"18":1},"f":{"0":1,"1":0,"2":6,"3":3},"b":{"0":[1,0],"1":[0,0],"2":[0,6],"3":[0],"4":[3,0]}}
,"/Users/imagine/project/packages/acrool-icon-symbols/src/utils/parser/index.ts": {"path":"/Users/imagine/project/packages/acrool-icon-symbols/src/utils/parser/index.ts","statementMap":{"0":{"start":{"line":1,"column":0},"end":{"line":1,"column":42}},"1":{"start":{"line":2,"column":0},"end":{"line":2,"column":26}},"2":{"start":{"line":3,"column":0},"end":{"line":3,"column":51}},"3":{"start":{"line":4,"column":0},"end":{"line":4,"column":50}},"4":{"start":{"line":6,"column":0},"end":{"line":6,"column":43}},"5":{"start":{"line":7,"column":0},"end":{"line":7,"column":56}},"6":{"start":{"line":9,"column":18},"end":{"line":15,"column":2}},"7":{"start":{"line":17,"column":23},"end":{"line":32,"column":1}},"8":{"start":{"line":18,"column":4},"end":{"line":31,"column":7}},"9":{"start":{"line":19,"column":51},"end":{"line":19,"column":63}},"10":{"start":{"line":20,"column":26},"end":{"line":20,"column":109}},"11":{"start":{"line":20,"column":62},"end":{"line":20,"column":108}},"12":{"start":{"line":22,"column":42},"end":{"line":22,"column":44}},"13":{"start":{"line":23,"column":8},"end":{"line":28,"column":null}},"14":{"start":{"line":24,"column":12},"end":{"line":24,"column":83}},"15":{"start":{"line":24,"column":29},"end":{"line":24,"column":83}},"16":{"start":{"line":25,"column":12},"end":{"line":25,"column":67}},"17":{"start":{"line":25,"column":24},"end":{"line":25,"column":67}},"18":{"start":{"line":27,"column":12},"end":{"line":27,"column":70}},"19":{"start":{"line":27,"column":24},"end":{"line":27,"column":70}},"20":{"start":{"line":30,"column":8},"end":{"line":30,"column":83}},"21":{"start":{"line":34,"column":45},"end":{"line":69,"column":1}},"22":{"start":{"line":39,"column":9},"end":{"line":39,"column":11}},"23":{"start":{"line":41,"column":19},"end":{"line":41,"column":68}},"24":{"start":{"line":42,"column":20},"end":{"line":42,"column":39}},"25":{"start":{"line":43,"column":25},"end":{"line":43,"column":84}},"26":{"start":{"line":45,"column":21},"end":{"line":45,"column":28}},"27":{"start":{"line":47,"column":4},"end":{"line":66,"column":7}},"28":{"start":{"line":48,"column":19},"end":{"line":48,"column":28}},"29":{"start":{"line":49,"column":8},"end":{"line":65,"column":null}},"30":{"start":{"line":50,"column":28},"end":{"line":50,"column":56}},"31":{"start":{"line":51,"column":26},"end":{"line":51,"column":40}},"32":{"start":{"line":52,"column":38},"end":{"line":52,"column":114}},"33":{"start":{"line":53,"column":26},"end":{"line":53,"column":65}},"34":{"start":{"line":54,"column":12},"end":{"line":58,"column":null}},"35":{"start":{"line":55,"column":16},"end":{"line":55,"column":61}},"36":{"start":{"line":57,"column":16},"end":{"line":57,"column":29}},"37":{"start":{"line":60,"column":12},"end":{"line":64,"column":15}},"38":{"start":{"line":68,"column":4},"end":{"line":68,"column":16}},"39":{"start":{"line":34,"column":13},"end":{"line":34,"column":45}},"40":{"start":{"line":71,"column":51},"end":{"line":199,"column":1}},"41":{"start":{"line":72,"column":19},"end":{"line":72,"column":46}},"42":{"start":{"line":73,"column":16},"end":{"line":73,"column":26}},"43":{"start":{"line":74,"column":20},"end":{"line":74,"column":32}},"44":{"start":{"line":76,"column":36},"end":{"line":76,"column":38}},"45":{"start":{"line":77,"column":35},"end":{"line":77,"column":85}},"46":{"start":{"line":78,"column":24},"end":{"line":78,"column":54}},"47":{"start":{"line":80,"column":21},"end":{"line":80,"column":70}},"48":{"start":{"line":81,"column":32},"end":{"line":81,"column":34}},"49":{"start":{"line":83,"column":4},"end":{"line":124,"column":null}},"50":{"start":{"line":84,"column":57},"end":{"line":84,"column":104}},"51":{"start":{"line":85,"column":8},"end":{"line":123,"column":11}},"52":{"start":{"line":86,"column":12},"end":{"line":86,"column":34}},"53":{"start":{"line":86,"column":27},"end":{"line":86,"column":34}},"54":{"start":{"line":87,"column":12},"end":{"line":122,"column":15}},"55":{"start":{"line":88,"column":36},"end":{"line":88,"column":53}},"56":{"start":{"line":89,"column":16},"end":{"line":89,"column":41}},"57":{"start":{"line":89,"column":34},"end":{"line":89,"column":41}},"58":{"start":{"line":90,"column":41},"end":{"line":90,"column":97}},"59":{"start":{"line":91,"column":16},"end":{"line":121,"column":19}},"60":{"start":{"line":92,"column":20},"end":{"line":92,"column":39}},"61":{"start":{"line":92,"column":32},"end":{"line":92,"column":39}},"62":{"start":{"line":93,"column":34},"end":{"line":93,"column":42}},"63":{"start":{"line":94,"column":34},"end":{"line":94,"column":87}},"64":{"start":{"line":95,"column":20},"end":{"line":95,"column":47}},"65":{"start":{"line":97,"column":42},"end":{"line":104,"column":22}},"66":{"start":{"line":106,"column":20},"end":{"line":118,"column":23}},"67":{"start":{"line":107,"column":41},"end":{"line":107,"column":56}},"68":{"start":{"line":108,"column":24},"end":{"line":117,"column":null}},"69":{"start":{"line":109,"column":50},"end":{"line":109,"column":97}},"70":{"start":{"line":110,"column":28},"end":{"line":116,"column":31}},"71":{"start":{"line":111,"column":32},"end":{"line":111,"column":77}},"72":{"start":{"line":111,"column":55},"end":{"line":111,"column":77}},"73":{"start":{"line":112,"column":32},"end":{"line":115,"column":35}},"74":{"start":{"line":120,"column":20},"end":{"line":120,"column":46}},"75":{"start":{"line":126,"column":27},"end":{"line":173,"column":5}},"76":{"start":{"line":127,"column":20},"end":{"line":127,"column":127}},"77":{"start":{"line":127,"column":80},"end":{"line":127,"column":114}},"78":{"start":{"line":128,"column":8},"end":{"line":128,"column":45}},"79":{"start":{"line":128,"column":18},"end":{"line":128,"column":45}},"80":{"start":{"line":129,"column":27},"end":{"line":129,"column":34}},"81":{"start":{"line":130,"column":8},"end":{"line":130,"column":35}},"82":{"start":{"line":131,"column":8},"end":{"line":131,"column":37}},"83":{"start":{"line":132,"column":8},"end":{"line":136,"column":11}},"84":{"start":{"line":133,"column":12},"end":{"line":135,"column":null}},"85":{"start":{"line":134,"column":16},"end":{"line":134,"column":38}},"86":{"start":{"line":138,"column":8},"end":{"line":146,"column":null}},"87":{"start":{"line":139,"column":12},"end":{"line":145,"column":null}},"88":{"start":{"line":140,"column":27},"end":{"line":140,"column":60}},"89":{"start":{"line":141,"column":34},"end":{"line":141,"column":56}},"90":{"start":{"line":142,"column":16},"end":{"line":142,"column":55}},"91":{"start":{"line":143,"column":19},"end":{"line":145,"column":null}},"92":{"start":{"line":144,"column":16},"end":{"line":144,"column":52}},"93":{"start":{"line":148,"column":8},"end":{"line":154,"column":null}},"94":{"start":{"line":149,"column":12},"end":{"line":153,"column":null}},"95":{"start":{"line":150,"column":27},"end":{"line":150,"column":64}},"96":{"start":{"line":151,"column":34},"end":{"line":151,"column":56}},"97":{"start":{"line":152,"column":16},"end":{"line":152,"column":59}},"98":{"start":{"line":156,"column":33},"end":{"line":156,"column":35}},"99":{"start":{"line":158,"column":8},"end":{"line":166,"column":11}},"100":{"start":{"line":159,"column":29},"end":{"line":159,"column":41}},"101":{"start":{"line":160,"column":12},"end":{"line":165,"column":null}},"102":{"start":{"line":161,"column":38},"end":{"line":161,"column":85}},"103":{"start":{"line":162,"column":16},"end":{"line":164,"column":19}},"104":{"start":{"line":163,"column":20},"end":{"line":163,"column":83}},"105":{"start":{"line":168,"column":8},"end":{"line":172,"column":10}},"106":{"start":{"line":175,"column":28},"end":{"line":175,"column":30}},"107":{"start":{"line":176,"column":4},"end":{"line":191,"column":null}},"108":{"start":{"line":177,"column":8},"end":{"line":190,"column":11}},"109":{"start":{"line":178,"column":29},"end":{"line":178,"column":37}},"110":{"start":{"line":179,"column":12},"end":{"line":189,"column":null}},"111":{"start":{"line":180,"column":38},"end":{"line":180,"column":85}},"112":{"start":{"line":181,"column":16},"end":{"line":188,"column":19}},"113":{"start":{"line":182,"column":39},"end":{"line":182,"column":76}},"114":{"start":{"line":183,"column":20},"end":{"line":187,"column":null}},"115":{"start":{"line":184,"column":24},"end":{"line":184,"column":69}},"116":{"start":{"line":186,"column":24},"end":{"line":186,"column":49}},"117":{"start":{"line":193,"column":4},"end":{"line":198,"column":6}},"118":{"start":{"line":71,"column":13},"end":{"line":71,"column":51}},"119":{"start":{"line":201,"column":51},"end":{"line":229,"column":1}},"120":{"start":{"line":202,"column":52},"end":{"line":202,"column":80}},"121":{"start":{"line":203,"column":25},"end":{"line":203,"column":87}},"122":{"start":{"line":203,"column":61},"end":{"line":203,"column":86}},"123":{"start":{"line":204,"column":25},"end":{"line":204,"column":49}},"124":{"start":{"line":206,"column":4},"end":{"line":228,"column":6}},"125":{"start":{"line":209,"column":25},"end":{"line":209,"column":106}},"126":{"start":{"line":209,"column":60},"end":{"line":209,"column":105}},"127":{"start":{"line":210,"column":29},"end":{"line":210,"column":96}},"128":{"start":{"line":211,"column":12},"end":{"line":211,"column":53}},"129":{"start":{"line":214,"column":55},"end":{"line":214,"column":62}},"130":{"start":{"line":215,"column":25},"end":{"line":215,"column":108}},"131":{"start":{"line":215,"column":61},"end":{"line":215,"column":107}},"132":{"start":{"line":217,"column":41},"end":{"line":217,"column":43}},"133":{"start":{"line":218,"column":12},"end":{"line":223,"column":null}},"134":{"start":{"line":219,"column":16},"end":{"line":219,"column":82}},"135":{"start":{"line":219,"column":33},"end":{"line":219,"column":82}},"136":{"start":{"line":220,"column":16},"end":{"line":220,"column":66}},"137":{"start":{"line":220,"column":28},"end":{"line":220,"column":66}},"138":{"start":{"line":222,"column":16},"end":{"line":222,"column":57}},"139":{"start":{"line":225,"column":29},"end":{"line":225,"column":96}},"140":{"start":{"line":226,"column":12},"end":{"line":226,"column":73}},"141":{"start":{"line":201,"column":13},"end":{"line":201,"column":51}}},"fnMap":{"0":{"name":"(anonymous_0)","decl":{"start":{"line":17,"column":23},"end":{"line":17,"column":24}},"loc":{"start":{"line":17,"column":77},"end":{"line":32,"column":1}}},"1":{"name":"(anonymous_1)","decl":{"start":{"line":18,"column":24},"end":{"line":18,"column":31}},"loc":{"start":{"line":18,"column":34},"end":{"line":31,"column":5}}},"2":{"name":"(anonymous_2)","decl":{"start":{"line":20,"column":51},"end":{"line":20,"column":58}},"loc":{"start":{"line":20,"column":62},"end":{"line":20,"column":108}}},"3":{"name":"(anonymous_3)","decl":{"start":{"line":34,"column":45},"end":{"line":34,"column":46}},"loc":{"start":{"line":34,"column":64},"end":{"line":69,"column":1}}},"4":{"name":"(anonymous_4)","decl":{"start":{"line":47,"column":25},"end":{"line":47,"column":31}},"loc":{"start":{"line":47,"column":34},"end":{"line":66,"column":5}}},"5":{"name":"(anonymous_5)","decl":{"start":{"line":71,"column":51},"end":{"line":71,"column":52}},"loc":{"start":{"line":71,"column":66},"end":{"line":199,"column":1}}},"6":{"name":"(anonymous_6)","decl":{"start":{"line":85,"column":26},"end":{"line":85,"column":34}},"loc":{"start":{"line":85,"column":37},"end":{"line":123,"column":9}}},"7":{"name":"(anonymous_7)","decl":{"start":{"line":87,"column":32},"end":{"line":87,"column":39}},"loc":{"start":{"line":87,"column":42},"end":{"line":122,"column":13}}},"8":{"name":"(anonymous_8)","decl":{"start":{"line":91,"column":41},"end":{"line":91,"column":46}},"loc":{"start":{"line":91,"column":49},"end":{"line":121,"column":17}}},"9":{"name":"(anonymous_9)","decl":{"start":{"line":106,"column":40},"end":{"line":106,"column":48}},"loc":{"start":{"line":106,"column":51},"end":{"line":118,"column":21}}},"10":{"name":"(anonymous_10)","decl":{"start":{"line":110,"column":50},"end":{"line":110,"column":55}},"loc":{"start":{"line":110,"column":58},"end":{"line":116,"column":29}}},"11":{"name":"(anonymous_11)","decl":{"start":{"line":126,"column":27},"end":{"line":126,"column":28}},"loc":{"start":{"line":126,"column":45},"end":{"line":173,"column":5}}},"12":{"name":"(anonymous_12)","decl":{"start":{"line":127,"column":75},"end":{"line":127,"column":76}},"loc":{"start":{"line":127,"column":80},"end":{"line":127,"column":114}}},"13":{"name":"(anonymous_13)","decl":{"start":{"line":132,"column":28},"end":{"line":132,"column":30}},"loc":{"start":{"line":132,"column":33},"end":{"line":136,"column":9}}},"14":{"name":"(anonymous_14)","decl":{"start":{"line":158,"column":28},"end":{"line":158,"column":36}},"loc":{"start":{"line":158,"column":39},"end":{"line":166,"column":9}}},"15":{"name":"(anonymous_15)","decl":{"start":{"line":162,"column":38},"end":{"line":162,"column":45}},"loc":{"start":{"line":162,"column":48},"end":{"line":164,"column":17}}},"16":{"name":"(anonymous_16)","decl":{"start":{"line":177,"column":28},"end":{"line":177,"column":31}},"loc":{"start":{"line":177,"column":34},"end":{"line":190,"column":9}}},"17":{"name":"(anonymous_17)","decl":{"start":{"line":181,"column":38},"end":{"line":181,"column":40}},"loc":{"start":{"line":181,"column":43},"end":{"line":188,"column":17}}},"18":{"name":"(anonymous_18)","decl":{"start":{"line":201,"column":51},"end":{"line":201,"column":52}},"loc":{"start":{"line":201,"column":66},"end":{"line":229,"column":1}}},"19":{"name":"(anonymous_19)","decl":{"start":{"line":203,"column":46},"end":{"line":203,"column":47}},"loc":{"start":{"line":203,"column":61},"end":{"line":203,"column":86}}},"20":{"name":"(anonymous_20)","decl":{"start":{"line":208,"column":23},"end":{"line":208,"column":25}},"loc":{"start":{"line":208,"column":28},"end":{"line":212,"column":9}}},"21":{"name":"(anonymous_21)","decl":{"start":{"line":209,"column":49},"end":{"line":209,"column":56}},"loc":{"start":{"line":209,"column":60},"end":{"line":209,"column":105}}},"22":{"name":"(anonymous_22)","decl":{"start":{"line":213,"column":29},"end":{"line":213,"column":31}},"loc":{"start":{"line":213,"column":34},"end":{"line":227,"column":9}}},"23":{"name":"(anonymous_23)","decl":{"start":{"line":215,"column":50},"end":{"line":215,"column":57}},"loc":{"start":{"line":215,"column":61},"end":{"line":215,"column":107}}}},"branchMap":{"0":{"loc":{"start":{"line":23,"column":8},"end":{"line":28,"column":null}},"type":"if","locations":[{"start":{"line":23,"column":8},"end":{"line":28,"column":null}},{"start":{"line":26,"column":15},"end":{"line":28,"column":null}}]},"1":{"loc":{"start":{"line":24,"column":12},"end":{"line":24,"column":83}},"type":"if","locations":[{"start":{"line":24,"column":12},"end":{"line":24,"column":83}}]},"2":{"loc":{"start":{"line":25,"column":12},"end":{"line":25,"column":67}},"type":"if","locations":[{"start":{"line":25,"column":12},"end":{"line":25,"column":67}}]},"3":{"loc":{"start":{"line":27,"column":12},"end":{"line":27,"column":70}},"type":"if","locations":[{"start":{"line":27,"column":12},"end":{"line":27,"column":70}}]},"4":{"loc":{"start":{"line":43,"column":25},"end":{"line":43,"column":84}},"type":"cond-expr","locations":[{"start":{"line":43,"column":50},"end":{"line":43,"column":57}},{"start":{"line":43,"column":60},"end":{"line":43,"column":84}}]},"5":{"loc":{"start":{"line":43,"column":60},"end":{"line":43,"column":84}},"type":"cond-expr","locations":[{"start":{"line":43,"column":70},"end":{"line":43,"column":79}},{"start":{"line":43,"column":82},"end":{"line":43,"column":84}}]},"6":{"loc":{"start":{"line":49,"column":8},"end":{"line":65,"column":null}},"type":"if","locations":[{"start":{"line":49,"column":8},"end":{"line":65,"column":null}}]},"7":{"loc":{"start":{"line":50,"column":28},"end":{"line":50,"column":56}},"type":"binary-expr","locations":[{"start":{"line":50,"column":28},"end":{"line":50,"column":42}},{"start":{"line":50,"column":46},"end":{"line":50,"column":56}}]},"8":{"loc":{"start":{"line":54,"column":12},"end":{"line":58,"column":null}},"type":"if","locations":[{"start":{"line":54,"column":12},"end":{"line":58,"column":null}},{"start":{"line":56,"column":19},"end":{"line":58,"column":null}}]},"9":{"loc":{"start":{"line":54,"column":16},"end":{"line":54,"column":33}},"type":"binary-expr","locations":[{"start":{"line":54,"column":16},"end":{"line":54,"column":21}},{"start":{"line":54,"column":25},"end":{"line":54,"column":33}}]},"10":{"loc":{"start":{"line":83,"column":4},"end":{"line":124,"column":null}},"type":"if","locations":[{"start":{"line":83,"column":4},"end":{"line":124,"column":null}}]},"11":{"loc":{"start":{"line":84,"column":57},"end":{"line":84,"column":104}},"type":"cond-expr","locations":[{"start":{"line":84,"column":83},"end":{"line":84,"column":91}},{"start":{"line":84,"column":94},"end":{"line":84,"column":104}}]},"12":{"loc":{"start":{"line":86,"column":12},"end":{"line":86,"column":34}},"type":"if","locations":[{"start":{"line":86,"column":12},"end":{"line":86,"column":34}}]},"13":{"loc":{"start":{"line":89,"column":16},"end":{"line":89,"column":41}},"type":"if","locations":[{"start":{"line":89,"column":16},"end":{"line":89,"column":41}}]},"14":{"loc":{"start":{"line":90,"column":41},"end":{"line":90,"column":97}},"type":"cond-expr","locations":[{"start":{"line":90,"column":70},"end":{"line":90,"column":81}},{"start":{"line":90,"column":84},"end":{"line":90,"column":97}}]},"15":{"loc":{"start":{"line":92,"column":20},"end":{"line":92,"column":39}},"type":"if","locations":[{"start":{"line":92,"column":20},"end":{"line":92,"column":39}}]},"16":{"loc":{"start":{"line":94,"column":34},"end":{"line":94,"column":87}},"type":"cond-expr","locations":[{"start":{"line":94,"column":42},"end":{"line":94,"column":75}},{"start":{"line":94,"column":78},"end":{"line":94,"column":87}}]},"17":{"loc":{"start":{"line":108,"column":24},"end":{"line":117,"column":null}},"type":"if","locations":[{"start":{"line":108,"column":24},"end":{"line":117,"column":null}}]},"18":{"loc":{"start":{"line":109,"column":50},"end":{"line":109,"column":97}},"type":"cond-expr","locations":[{"start":{"line":109,"column":76},"end":{"line":109,"column":84}},{"start":{"line":109,"column":87},"end":{"line":109,"column":97}}]},"19":{"loc":{"start":{"line":111,"column":32},"end":{"line":111,"column":77}},"type":"if","locations":[{"start":{"line":111,"column":32},"end":{"line":111,"column":77}}]},"20":{"loc":{"start":{"line":127,"column":20},"end":{"line":127,"column":127}},"type":"cond-expr","locations":[{"start":{"line":127,"column":25},"end":{"line":127,"column":115}},{"start":{"line":127,"column":118},"end":{"line":127,"column":127}}]},"21":{"loc":{"start":{"line":127,"column":25},"end":{"line":127,"column":115}},"type":"binary-expr","locations":[{"start":{"line":127,"column":25},"end":{"line":127,"column":36}},{"start":{"line":127,"column":40},"end":{"line":127,"column":50}},{"start":{"line":127,"column":54},"end":{"line":127,"column":115}}]},"22":{"loc":{"start":{"line":128,"column":8},"end":{"line":128,"column":45}},"type":"if","locations":[{"start":{"line":128,"column":8},"end":{"line":128,"column":45}}]},"23":{"loc":{"start":{"line":133,"column":12},"end":{"line":135,"column":null}},"type":"if","locations":[{"start":{"line":133,"column":12},"end":{"line":135,"column":null}}]},"24":{"loc":{"start":{"line":138,"column":8},"end":{"line":146,"column":null}},"type":"if","locations":[{"start":{"line":138,"column":8},"end":{"line":146,"column":null}}]},"25":{"loc":{"start":{"line":139,"column":12},"end":{"line":145,"column":null}},"type":"if","locations":[{"start":{"line":139,"column":12},"end":{"line":145,"column":null}},{"start":{"line":143,"column":19},"end":{"line":145,"column":null}}]},"26":{"loc":{"start":{"line":139,"column":16},"end":{"line":139,"column":90}},"type":"binary-expr","locations":[{"start":{"line":139,"column":16},"end":{"line":139,"column":51}},{"start":{"line":139,"column":55},"end":{"line":139,"column":90}}]},"27":{"loc":{"start":{"line":141,"column":34},"end":{"line":141,"column":56}},"type":"binary-expr","locations":[{"start":{"line":141,"column":34},"end":{"line":141,"column":50}},{"start":{"line":141,"column":54},"end":{"line":141,"column":56}}]},"28":{"loc":{"start":{"line":143,"column":19},"end":{"line":145,"column":null}},"type":"if","locations":[{"start":{"line":143,"column":19},"end":{"line":145,"column":null}}]},"29":{"loc":{"start":{"line":148,"column":8},"end":{"line":154,"column":null}},"type":"if","locations":[{"start":{"line":148,"column":8},"end":{"line":154,"column":null}}]},"30":{"loc":{"start":{"line":149,"column":12},"end":{"line":153,"column":null}},"type":"if","locations":[{"start":{"line":149,"column":12},"end":{"line":153,"column":null}}]},"31":{"loc":{"start":{"line":149,"column":16},"end":{"line":149,"column":98}},"type":"binary-expr","locations":[{"start":{"line":149,"column":16},"end":{"line":149,"column":55}},{"start":{"line":149,"column":59},"end":{"line":149,"column":98}}]},"32":{"loc":{"start":{"line":151,"column":34},"end":{"line":151,"column":56}},"type":"binary-expr","locations":[{"start":{"line":151,"column":34},"end":{"line":151,"column":50}},{"start":{"line":151,"column":54},"end":{"line":151,"column":56}}]},"33":{"loc":{"start":{"line":160,"column":12},"end":{"line":165,"column":null}},"type":"if","locations":[{"start":{"line":160,"column":12},"end":{"line":165,"column":null}}]},"34":{"loc":{"start":{"line":161,"column":38},"end":{"line":161,"column":85}},"type":"cond-expr","locations":[{"start":{"line":161,"column":64},"end":{"line":161,"column":72}},{"start":{"line":161,"column":75},"end":{"line":161,"column":85}}]},"35":{"loc":{"start":{"line":171,"column":16},"end":{"line":171,"column":49}},"type":"binary-expr","locations":[{"start":{"line":171,"column":16},"end":{"line":171,"column":35}},{"start":{"line":171,"column":39},"end":{"line":171,"column":49}}]},"36":{"loc":{"start":{"line":176,"column":4},"end":{"line":191,"column":null}},"type":"if","locations":[{"start":{"line":176,"column":4},"end":{"line":191,"column":null}}]},"37":{"loc":{"start":{"line":179,"column":12},"end":{"line":189,"column":null}},"type":"if","locations":[{"start":{"line":179,"column":12},"end":{"line":189,"column":null}}]},"38":{"loc":{"start":{"line":180,"column":38},"end":{"line":180,"column":85}},"type":"cond-expr","locations":[{"start":{"line":180,"column":64},"end":{"line":180,"column":72}},{"start":{"line":180,"column":75},"end":{"line":180,"column":85}}]},"39":{"loc":{"start":{"line":183,"column":20},"end":{"line":187,"column":null}},"type":"if","locations":[{"start":{"line":183,"column":20},"end":{"line":187,"column":null}},{"start":{"line":185,"column":27},"end":{"line":187,"column":null}}]},"40":{"loc":{"start":{"line":183,"column":24},"end":{"line":183,"column":78}},"type":"binary-expr","locations":[{"start":{"line":183,"column":24},"end":{"line":183,"column":46}},{"start":{"line":183,"column":50},"end":{"line":183,"column":78}}]},"41":{"loc":{"start":{"line":184,"column":41},"end":{"line":184,"column":66}},"type":"binary-expr","locations":[{"start":{"line":184,"column":41},"end":{"line":184,"column":60}},{"start":{"line":184,"column":64},"end":{"line":184,"column":66}}]},"42":{"loc":{"start":{"line":203,"column":61},"end":{"line":203,"column":86}},"type":"binary-expr","locations":[{"start":{"line":203,"column":61},"end":{"line":203,"column":62}},{"start":{"line":203,"column":66},"end":{"line":203,"column":86}}]},"43":{"loc":{"start":{"line":210,"column":29},"end":{"line":210,"column":96}},"type":"cond-expr","locations":[{"start":{"line":210,"column":43},"end":{"line":210,"column":84}},{"start":{"line":210,"column":87},"end":{"line":210,"column":96}}]},"44":{"loc":{"start":{"line":218,"column":12},"end":{"line":223,"column":null}},"type":"if","locations":[{"start":{"line":218,"column":12},"end":{"line":223,"column":null}},{"start":{"line":221,"column":19},"end":{"line":223,"column":null}}]},"45":{"loc":{"start":{"line":219,"column":16},"end":{"line":219,"column":82}},"type":"if","locations":[{"start":{"line":219,"column":16},"end":{"line":219,"column":82}}]},"46":{"loc":{"start":{"line":220,"column":16},"end":{"line":220,"column":66}},"type":"if","locations":[{"start":{"line":220,"column":16},"end":{"line":220,"column":66}}]},"47":{"loc":{"start":{"line":225,"column":29},"end":{"line":225,"column":96}},"type":"cond-expr","locations":[{"start":{"line":225,"column":43},"end":{"line":225,"column":84}},{"start":{"line":225,"column":87},"end":{"line":225,"column":96}}]}},"s":{"0":1,"1":1,"2":1,"3":1,"4":1,"5":1,"6":1,"7":1,"8":0,"9":0,"10":0,"11":0,"12":0,"13":0,"14":0,"15":0,"16":0,"17":0,"18":0,"19":0,"20":0,"21":1,"22":2,"23":2,"24":2,"25":2,"26":2,"27":2,"28":3,"29":3,"30":3,"31":3,"32":3,"33":3,"34":3,"35":3,"36":0,"37":3,"38":2,"39":1,"40":1,"41":4,"42":4,"43":4,"44":4,"45":4,"46":4,"47":4,"48":4,"49":4,"50":1,"51":1,"52":1,"53":0,"54":1,"55":2,"56":2,"57":1,"58":1,"59":1,"60":1,"61":0,"62":1,"63":1,"64":1,"65":1,"66":1,"67":6,"68":6,"69":1,"70":1,"71":1,"72":0,"73":1,"74":1,"75":4,"76":5,"77":0,"78":5,"79":0,"80":5,"81":5,"82":5,"83":5,"84":30,"85":0,"86":5,"87":5,"88":1,"89":1,"90":1,"91":4,"92":4,"93":5,"94":0,"95":0,"96":0,"97":0,"98":5,"99":5,"100":30,"101":30,"102":0,"103":0,"104":0,"105":5,"106":4,"107":4,"108":4,"109":24,"110":24,"111":4,"112":4,"113":5,"114":5,"115":0,"116":5,"117":4,"118":1,"119":1,"120":2,"121":2,"122":3,"123":2,"124":2,"125":0,"126":0,"127":0,"128":0,"129":3,"130":3,"131":6,"132":3,"133":3,"134":2,"135":0,"136":2,"137":0,"138":1,"139":3,"140":3,"141":1},"f":{"0":0,"1":0,"2":0,"3":2,"4":3,"5":4,"6":1,"7":2,"8":1,"9":6,"10":1,"11":5,"12":0,"13":30,"14":30,"15":0,"16":24,"17":5,"18":2,"19":3,"20":0,"21":0,"22":3,"23":6},"b":{"0":[0,0],"1":[0],"2":[0],"3":[0],"4":[1,1],"5":[1,0],"6":[3],"7":[3,3],"8":[3,0],"9":[3,3],"10":[1],"11":[0,1],"12":[0],"13":[1],"14":[0,1],"15":[0],"16":[1,0],"17":[1],"18":[0,1],"19":[0],"20":[5,0],"21":[5,0,0],"22":[0],"23":[0],"24":[5],"25":[1,4],"26":[5,5],"27":[1,0],"28":[4],"29":[0],"30":[0],"31":[0,0],"32":[0,0],"33":[0],"34":[0,0],"35":[5,0],"36":[4],"37":[4],"38":[1,3],"39":[0,5],"40":[5,0],"41":[0,0],"42":[3,3],"43":[0,0],"44":[2,1],"45":[0],"46":[0],"47":[0,3]}}
}
