TN:
SF:src/utils/common/index.ts
FN:8,(anonymous_0)
FN:19,(anonymous_1)
FN:31,(anonymous_2)
FN:41,(anonymous_3)
FNF:4
FNH:3
FNDA:1,(anonymous_0)
FNDA:0,(anonymous_1)
FNDA:6,(anonymous_2)
FNDA:3,(anonymous_3)
DA:1,1
DA:8,1
DA:9,1
DA:10,1
DA:11,1
DA:19,1
DA:20,0
DA:21,0
DA:22,0
DA:31,1
DA:32,6
DA:41,1
DA:42,3
DA:43,0
DA:47,3
LF:15
LH:11
BRDA:11,0,0,1
BRDA:11,0,1,0
BRDA:22,1,0,0
BRDA:22,1,1,0
BRDA:32,2,0,0
BRDA:32,2,1,6
BRDA:42,3,0,0
BRDA:42,4,0,3
BRDA:42,4,1,0
BRF:9
BRH:3
end_of_record
TN:
SF:src/utils/parser/index.ts
FN:17,(anonymous_0)
FN:18,(anonymous_1)
FN:20,(anonymous_2)
FN:34,(anonymous_3)
FN:47,(anonymous_4)
FN:71,(anonymous_5)
FN:85,(anonymous_6)
FN:87,(anonymous_7)
FN:91,(anonymous_8)
FN:106,(anonymous_9)
FN:110,(anonymous_10)
FN:126,(anonymous_11)
FN:127,(anonymous_12)
FN:132,(anonymous_13)
FN:158,(anonymous_14)
FN:162,(anonymous_15)
FN:177,(anonymous_16)
FN:181,(anonymous_17)
FN:201,(anonymous_18)
FN:203,(anonymous_19)
FN:208,(anonymous_20)
FN:209,(anonymous_21)
FN:213,(anonymous_22)
FN:215,(anonymous_23)
FNF:24
FNH:17
FNDA:0,(anonymous_0)
FNDA:0,(anonymous_1)
FNDA:0,(anonymous_2)
FNDA:2,(anonymous_3)
FNDA:3,(anonymous_4)
FNDA:4,(anonymous_5)
FNDA:1,(anonymous_6)
FNDA:2,(anonymous_7)
FNDA:1,(anonymous_8)
FNDA:6,(anonymous_9)
FNDA:1,(anonymous_10)
FNDA:5,(anonymous_11)
FNDA:0,(anonymous_12)
FNDA:30,(anonymous_13)
FNDA:30,(anonymous_14)
FNDA:0,(anonymous_15)
FNDA:24,(anonymous_16)
FNDA:5,(anonymous_17)
FNDA:2,(anonymous_18)
FNDA:3,(anonymous_19)
FNDA:0,(anonymous_20)
FNDA:0,(anonymous_21)
FNDA:3,(anonymous_22)
FNDA:6,(anonymous_23)
DA:1,1
DA:2,1
DA:3,1
DA:4,1
DA:6,1
DA:7,1
DA:9,1
DA:17,1
DA:18,0
DA:19,0
DA:20,0
DA:22,0
DA:23,0
DA:24,0
DA:25,0
DA:27,0
DA:30,0
DA:34,1
DA:39,2
DA:41,2
DA:42,2
DA:43,2
DA:45,2
DA:47,2
DA:48,3
DA:49,3
DA:50,3
DA:51,3
DA:52,3
DA:53,3
DA:54,3
DA:55,3
DA:57,0
DA:60,3
DA:68,2
DA:71,1
DA:72,4
DA:73,4
DA:74,4
DA:76,4
DA:77,4
DA:78,4
DA:80,4
DA:81,4
DA:83,4
DA:84,1
DA:85,1
DA:86,1
DA:87,1
DA:88,2
DA:89,2
DA:90,1
DA:91,1
DA:92,1
DA:93,1
DA:94,1
DA:95,1
DA:97,1
DA:106,1
DA:107,6
DA:108,6
DA:109,1
DA:110,1
DA:111,1
DA:112,1
DA:120,1
DA:126,4
DA:127,5
DA:128,5
DA:129,5
DA:130,5
DA:131,5
DA:132,5
DA:133,30
DA:134,0
DA:138,5
DA:139,5
DA:140,1
DA:141,1
DA:142,1
DA:143,4
DA:144,4
DA:148,5
DA:149,0
DA:150,0
DA:151,0
DA:152,0
DA:156,5
DA:158,5
DA:159,30
DA:160,30
DA:161,0
DA:162,0
DA:163,0
DA:168,5
DA:175,4
DA:176,4
DA:177,4
DA:178,24
DA:179,24
DA:180,4
DA:181,4
DA:182,5
DA:183,5
DA:184,0
DA:186,5
DA:193,4
DA:201,1
DA:202,2
DA:203,3
DA:204,2
DA:206,2
DA:209,0
DA:210,0
DA:211,0
DA:214,3
DA:215,6
DA:217,3
DA:218,3
DA:219,2
DA:220,2
DA:222,1
DA:225,3
DA:226,3
LF:124
LH:102
BRDA:23,0,0,0
BRDA:23,0,1,0
BRDA:24,1,0,0
BRDA:25,2,0,0
BRDA:27,3,0,0
BRDA:43,4,0,1
BRDA:43,4,1,1
BRDA:43,5,0,1
BRDA:43,5,1,0
BRDA:49,6,0,3
BRDA:50,7,0,3
BRDA:50,7,1,3
BRDA:54,8,0,3
BRDA:54,8,1,0
BRDA:54,9,0,3
BRDA:54,9,1,3
BRDA:83,10,0,1
BRDA:84,11,0,0
BRDA:84,11,1,1
BRDA:86,12,0,0
BRDA:89,13,0,1
BRDA:90,14,0,0
BRDA:90,14,1,1
BRDA:92,15,0,0
BRDA:94,16,0,1
BRDA:94,16,1,0
BRDA:108,17,0,1
BRDA:109,18,0,0
BRDA:109,18,1,1
BRDA:111,19,0,0
BRDA:127,20,0,5
BRDA:127,20,1,0
BRDA:127,21,0,5
BRDA:127,21,1,0
BRDA:127,21,2,0
BRDA:128,22,0,0
BRDA:133,23,0,0
BRDA:138,24,0,5
BRDA:139,25,0,1
BRDA:139,25,1,4
BRDA:139,26,0,5
BRDA:139,26,1,5
BRDA:141,27,0,1
BRDA:141,27,1,0
BRDA:143,28,0,4
BRDA:148,29,0,0
BRDA:149,30,0,0
BRDA:149,31,0,0
BRDA:149,31,1,0
BRDA:151,32,0,0
BRDA:151,32,1,0
BRDA:160,33,0,0
BRDA:161,34,0,0
BRDA:161,34,1,0
BRDA:171,35,0,5
BRDA:171,35,1,0
BRDA:176,36,0,4
BRDA:179,37,0,4
BRDA:180,38,0,1
BRDA:180,38,1,3
BRDA:183,39,0,0
BRDA:183,39,1,5
BRDA:183,40,0,5
BRDA:183,40,1,0
BRDA:184,41,0,0
BRDA:184,41,1,0
BRDA:203,42,0,3
BRDA:203,42,1,3
BRDA:210,43,0,0
BRDA:210,43,1,0
BRDA:218,44,0,2
BRDA:218,44,1,1
BRDA:219,45,0,0
BRDA:220,46,0,0
BRDA:225,47,0,0
BRDA:225,47,1,3
BRF:76
BRH:37
end_of_record
